Tue Jan 2 14:03:29 BRST 2018
Tue Jan 2 14:10:01 BRST 2018
Wed Jan 3 10:00:01 BRST 2018
Thu Jan 4 10:00:01 BRST 2018
Fri Jan 5 10:00:01 BRST 2018
Sat Jan 6 10:00:01 BRST 2018
Sun Jan 7 10:00:01 BRST 2018
Mon Jan 8 10:00:01 BRST 2018
Tue Jan 9 10:00:01 BRST 2018
Wed Jan 10 10:00:01 BRST 2018
Thu Jan 11 10:00:01 BRST 2018
Fri Jan 12 10:00:01 BRST 2018
Sat Jan 13 10:00:01 BRST 2018
Sun Jan 14 10:00:01 BRST 2018
Mon Jan 15 10:00:01 BRST 2018
Tue Jan 16 10:00:01 BRST 2018
Wed Jan 17 10:00:01 BRST 2018
Thu Jan 18 10:00:01 BRST 2018
Fri Jan 19 10:00:01 BRST 2018
Sat Jan 20 10:00:01 BRST 2018
Sun Jan 21 10:00:01 BRST 2018
Mon Jan 22 10:00:01 BRST 2018
Tue Jan 23 10:00:01 BRST 2018
Wed Jan 24 10:00:01 BRST 2018
Thu Jan 25 10:00:01 BRST 2018
